The system is: Darwin - 15.6.0 - x86_64
Compiling the C compiler identification source file "CMakeCCompilerId.c" succeeded.
Compiler: /usr/bin/cc 
Build flags: 
Id flags: 

The output was:
0


Compilation of the C compiler identification source "CMakeCCompilerId.c" produced "a.out"

The C compiler identification is AppleClang, found in "/Users/gudbrand/libigl/libigl-example-project/build/CMakeFiles/3.0.1/CompilerIdC/a.out"

Compiling the CXX compiler identification source file "CMakeCXXCompilerId.cpp" succeeded.
Compiler: /usr/bin/c++ 
Build flags: 
Id flags: 

The output was:
0


Compilation of the CXX compiler identification source "CMakeCXXCompilerId.cpp" produced "a.out"

The CXX compiler identification is AppleClang, found in "/Users/gudbrand/libigl/libigl-example-project/build/CMakeFiles/3.0.1/CompilerIdCXX/a.out"

Determining if the C compiler works passed with the following output:
Change Dir: /Users/gudbrand/libigl/libigl-example-project/build/CMakeFiles/CMakeTmp

Run Build Command:"/usr/bin/make" "cmTryCompileExec2987040494/fast"
/Applications/Xcode.app/Contents/Developer/usr/bin/make -f CMakeFiles/cmTryCompileExec2987040494.dir/build.make CMakeFiles/cmTryCompileExec2987040494.dir/build
/usr/local/bin/cmake -E cmake_progress_report /Users/gudbrand/libigl/libigl-example-project/build/CMakeFiles/CMakeTmp/CMakeFiles 1
Building C object CMakeFiles/cmTryCompileExec2987040494.dir/testCCompiler.c.o
/usr/bin/cc   -isysroot /Applications/Xcode.app/Contents/Developer/Platforms/MacOSX.platform/Developer/SDKs/MacOSX10.11.sdk   -o CMakeFiles/cmTryCompileExec2987040494.dir/testCCompiler.c.o   -c /Users/gudbrand/libigl/libigl-example-project/build/CMakeFiles/CMakeTmp/testCCompiler.c
Linking C executable cmTryCompileExec2987040494
/usr/local/bin/cmake -E cmake_link_script CMakeFiles/cmTryCompileExec2987040494.dir/link.txt --verbose=1
/usr/bin/cc    -isysroot /Applications/Xcode.app/Contents/Developer/Platforms/MacOSX.platform/Developer/SDKs/MacOSX10.11.sdk -Wl,-search_paths_first -Wl,-headerpad_max_install_names   CMakeFiles/cmTryCompileExec2987040494.dir/testCCompiler.c.o  -o cmTryCompileExec2987040494  


Detecting C compiler ABI info compiled with the following output:
Change Dir: /Users/gudbrand/libigl/libigl-example-project/build/CMakeFiles/CMakeTmp

Run Build Command:"/usr/bin/make" "cmTryCompileExec187025944/fast"
/Applications/Xcode.app/Contents/Developer/usr/bin/make -f CMakeFiles/cmTryCompileExec187025944.dir/build.make CMakeFiles/cmTryCompileExec187025944.dir/build
/usr/local/bin/cmake -E cmake_progress_report /Users/gudbrand/libigl/libigl-example-project/build/CMakeFiles/CMakeTmp/CMakeFiles 1
Building C object CMakeFiles/cmTryCompileExec187025944.dir/CMakeCCompilerABI.c.o
/usr/bin/cc   -isysroot /Applications/Xcode.app/Contents/Developer/Platforms/MacOSX.platform/Developer/SDKs/MacOSX10.11.sdk   -o CMakeFiles/cmTryCompileExec187025944.dir/CMakeCCompilerABI.c.o   -c /usr/local/share/cmake-3.0/Modules/CMakeCCompilerABI.c
Linking C executable cmTryCompileExec187025944
/usr/local/bin/cmake -E cmake_link_script CMakeFiles/cmTryCompileExec187025944.dir/link.txt --verbose=1
/usr/bin/cc    -isysroot /Applications/Xcode.app/Contents/Developer/Platforms/MacOSX.platform/Developer/SDKs/MacOSX10.11.sdk -Wl,-search_paths_first -Wl,-headerpad_max_install_names -v -Wl,-v CMakeFiles/cmTryCompileExec187025944.dir/CMakeCCompilerABI.c.o  -o cmTryCompileExec187025944   
Apple LLVM version 7.3.0 (clang-703.0.31)
Target: x86_64-apple-darwin15.6.0
Thread model: posix
InstalledDir: /Applications/Xcode.app/Contents/Developer/Toolchains/XcodeDefault.xctoolchain/usr/bin
 "/Applications/Xcode.app/Contents/Developer/Toolchains/XcodeDefault.xctoolchain/usr/bin/ld" -demangle -dynamic -arch x86_64 -macosx_version_min 10.11.0 -syslibroot /Applications/Xcode.app/Contents/Developer/Platforms/MacOSX.platform/Developer/SDKs/MacOSX10.11.sdk -o cmTryCompileExec187025944 -search_paths_first -headerpad_max_install_names -v CMakeFiles/cmTryCompileExec187025944.dir/CMakeCCompilerABI.c.o -lSystem /Applications/Xcode.app/Contents/Developer/Toolchains/XcodeDefault.xctoolchain/usr/bin/../lib/clang/7.3.0/lib/darwin/libclang_rt.osx.a
@(#)PROGRAM:ld  PROJECT:ld64-264.3.102
configured to support archs: armv6 armv7 armv7s arm64 i386 x86_64 x86_64h armv6m armv7k armv7m armv7em (tvOS)
Library search paths:
	/Applications/Xcode.app/Contents/Developer/Platforms/MacOSX.platform/Developer/SDKs/MacOSX10.11.sdk/usr/lib
Framework search paths:
	/Applications/Xcode.app/Contents/Developer/Platforms/MacOSX.platform/Developer/SDKs/MacOSX10.11.sdk/System/Library/Frameworks/


Parsed C implicit link information from above output:
  link line regex: [^( *|.*[/\])(ld|([^/\]+-)?ld|collect2)[^/\]*( |$)]
  ignore line: [Change Dir: /Users/gudbrand/libigl/libigl-example-project/build/CMakeFiles/CMakeTmp]
  ignore line: []
  ignore line: [Run Build Command:"/usr/bin/make" "cmTryCompileExec187025944/fast"]
  ignore line: [/Applications/Xcode.app/Contents/Developer/usr/bin/make -f CMakeFiles/cmTryCompileExec187025944.dir/build.make CMakeFiles/cmTryCompileExec187025944.dir/build]
  ignore line: [/usr/local/bin/cmake -E cmake_progress_report /Users/gudbrand/libigl/libigl-example-project/build/CMakeFiles/CMakeTmp/CMakeFiles 1]
  ignore line: [Building C object CMakeFiles/cmTryCompileExec187025944.dir/CMakeCCompilerABI.c.o]
  ignore line: [/usr/bin/cc   -isysroot /Applications/Xcode.app/Contents/Developer/Platforms/MacOSX.platform/Developer/SDKs/MacOSX10.11.sdk   -o CMakeFiles/cmTryCompileExec187025944.dir/CMakeCCompilerABI.c.o   -c /usr/local/share/cmake-3.0/Modules/CMakeCCompilerABI.c]
  ignore line: [Linking C executable cmTryCompileExec187025944]
  ignore line: [/usr/local/bin/cmake -E cmake_link_script CMakeFiles/cmTryCompileExec187025944.dir/link.txt --verbose=1]
  ignore line: [/usr/bin/cc    -isysroot /Applications/Xcode.app/Contents/Developer/Platforms/MacOSX.platform/Developer/SDKs/MacOSX10.11.sdk -Wl,-search_paths_first -Wl,-headerpad_max_install_names -v -Wl,-v CMakeFiles/cmTryCompileExec187025944.dir/CMakeCCompilerABI.c.o  -o cmTryCompileExec187025944   ]
  ignore line: [Apple LLVM version 7.3.0 (clang-703.0.31)]
  ignore line: [Target: x86_64-apple-darwin15.6.0]
  ignore line: [Thread model: posix]
  ignore line: [InstalledDir: /Applications/Xcode.app/Contents/Developer/Toolchains/XcodeDefault.xctoolchain/usr/bin]
  link line: [ "/Applications/Xcode.app/Contents/Developer/Toolchains/XcodeDefault.xctoolchain/usr/bin/ld" -demangle -dynamic -arch x86_64 -macosx_version_min 10.11.0 -syslibroot /Applications/Xcode.app/Contents/Developer/Platforms/MacOSX.platform/Developer/SDKs/MacOSX10.11.sdk -o cmTryCompileExec187025944 -search_paths_first -headerpad_max_install_names -v CMakeFiles/cmTryCompileExec187025944.dir/CMakeCCompilerABI.c.o -lSystem /Applications/Xcode.app/Contents/Developer/Toolchains/XcodeDefault.xctoolchain/usr/bin/../lib/clang/7.3.0/lib/darwin/libclang_rt.osx.a]
    arg [/Applications/Xcode.app/Contents/Developer/Toolchains/XcodeDefault.xctoolchain/usr/bin/ld] ==> ignore
    arg [-demangle] ==> ignore
    arg [-dynamic] ==> ignore
    arg [-arch] ==> ignore
    arg [x86_64] ==> ignore
    arg [-macosx_version_min] ==> ignore
    arg [10.11.0] ==> ignore
    arg [-syslibroot] ==> ignore
    arg [/Applications/Xcode.app/Contents/Developer/Platforms/MacOSX.platform/Developer/SDKs/MacOSX10.11.sdk] ==> ignore
    arg [-o] ==> ignore
    arg [cmTryCompileExec187025944] ==> ignore
    arg [-search_paths_first] ==> ignore
    arg [-headerpad_max_install_names] ==> ignore
    arg [-v] ==> ignore
    arg [CMakeFiles/cmTryCompileExec187025944.dir/CMakeCCompilerABI.c.o] ==> ignore
    arg [-lSystem] ==> lib [System]
    arg [/Applications/Xcode.app/Contents/Developer/Toolchains/XcodeDefault.xctoolchain/usr/bin/../lib/clang/7.3.0/lib/darwin/libclang_rt.osx.a] ==> lib [/Applications/Xcode.app/Contents/Developer/Toolchains/XcodeDefault.xctoolchain/usr/bin/../lib/clang/7.3.0/lib/darwin/libclang_rt.osx.a]
  Library search paths: [;/Applications/Xcode.app/Contents/Developer/Platforms/MacOSX.platform/Developer/SDKs/MacOSX10.11.sdk/usr/lib]
  Framework search paths: [;/Applications/Xcode.app/Contents/Developer/Platforms/MacOSX.platform/Developer/SDKs/MacOSX10.11.sdk/System/Library/Frameworks/]
  remove lib [System]
  collapse lib [/Applications/Xcode.app/Contents/Developer/Toolchains/XcodeDefault.xctoolchain/usr/bin/../lib/clang/7.3.0/lib/darwin/libclang_rt.osx.a] ==> [/Applications/Xcode.app/Contents/Developer/Toolchains/XcodeDefault.xctoolchain/usr/lib/clang/7.3.0/lib/darwin/libclang_rt.osx.a]
  collapse library dir [/Applications/Xcode.app/Contents/Developer/Platforms/MacOSX.platform/Developer/SDKs/MacOSX10.11.sdk/usr/lib] ==> [/Applications/Xcode.app/Contents/Developer/Platforms/MacOSX.platform/Developer/SDKs/MacOSX10.11.sdk/usr/lib]
  collapse framework dir [/Applications/Xcode.app/Contents/Developer/Platforms/MacOSX.platform/Developer/SDKs/MacOSX10.11.sdk/System/Library/Frameworks/] ==> [/Applications/Xcode.app/Contents/Developer/Platforms/MacOSX.platform/Developer/SDKs/MacOSX10.11.sdk/System/Library/Frameworks]
  implicit libs: [/Applications/Xcode.app/Contents/Developer/Toolchains/XcodeDefault.xctoolchain/usr/lib/clang/7.3.0/lib/darwin/libclang_rt.osx.a]
  implicit dirs: [/Applications/Xcode.app/Contents/Developer/Platforms/MacOSX.platform/Developer/SDKs/MacOSX10.11.sdk/usr/lib]
  implicit fwks: [/Applications/Xcode.app/Contents/Developer/Platforms/MacOSX.platform/Developer/SDKs/MacOSX10.11.sdk/System/Library/Frameworks]


Determining if the CXX compiler works passed with the following output:
Change Dir: /Users/gudbrand/libigl/libigl-example-project/build/CMakeFiles/CMakeTmp

Run Build Command:"/usr/bin/make" "cmTryCompileExec3635735074/fast"
/Applications/Xcode.app/Contents/Developer/usr/bin/make -f CMakeFiles/cmTryCompileExec3635735074.dir/build.make CMakeFiles/cmTryCompileExec3635735074.dir/build
/usr/local/bin/cmake -E cmake_progress_report /Users/gudbrand/libigl/libigl-example-project/build/CMakeFiles/CMakeTmp/CMakeFiles 1
Building CXX object CMakeFiles/cmTryCompileExec3635735074.dir/testCXXCompiler.cxx.o
/usr/bin/c++    -isysroot /Applications/Xcode.app/Contents/Developer/Platforms/MacOSX.platform/Developer/SDKs/MacOSX10.11.sdk   -o CMakeFiles/cmTryCompileExec3635735074.dir/testCXXCompiler.cxx.o -c /Users/gudbrand/libigl/libigl-example-project/build/CMakeFiles/CMakeTmp/testCXXCompiler.cxx
Linking CXX executable cmTryCompileExec3635735074
/usr/local/bin/cmake -E cmake_link_script CMakeFiles/cmTryCompileExec3635735074.dir/link.txt --verbose=1
/usr/bin/c++     -isysroot /Applications/Xcode.app/Contents/Developer/Platforms/MacOSX.platform/Developer/SDKs/MacOSX10.11.sdk -Wl,-search_paths_first -Wl,-headerpad_max_install_names   CMakeFiles/cmTryCompileExec3635735074.dir/testCXXCompiler.cxx.o  -o cmTryCompileExec3635735074  


Detecting CXX compiler ABI info compiled with the following output:
Change Dir: /Users/gudbrand/libigl/libigl-example-project/build/CMakeFiles/CMakeTmp

Run Build Command:"/usr/bin/make" "cmTryCompileExec1028031472/fast"
/Applications/Xcode.app/Contents/Developer/usr/bin/make -f CMakeFiles/cmTryCompileExec1028031472.dir/build.make CMakeFiles/cmTryCompileExec1028031472.dir/build
/usr/local/bin/cmake -E cmake_progress_report /Users/gudbrand/libigl/libigl-example-project/build/CMakeFiles/CMakeTmp/CMakeFiles 1
Building CXX object CMakeFiles/cmTryCompileExec1028031472.dir/CMakeCXXCompilerABI.cpp.o
/usr/bin/c++    -isysroot /Applications/Xcode.app/Contents/Developer/Platforms/MacOSX.platform/Developer/SDKs/MacOSX10.11.sdk   -o CMakeFiles/cmTryCompileExec1028031472.dir/CMakeCXXCompilerABI.cpp.o -c /usr/local/share/cmake-3.0/Modules/CMakeCXXCompilerABI.cpp
Linking CXX executable cmTryCompileExec1028031472
/usr/local/bin/cmake -E cmake_link_script CMakeFiles/cmTryCompileExec1028031472.dir/link.txt --verbose=1
/usr/bin/c++     -isysroot /Applications/Xcode.app/Contents/Developer/Platforms/MacOSX.platform/Developer/SDKs/MacOSX10.11.sdk -Wl,-search_paths_first -Wl,-headerpad_max_install_names -v -Wl,-v CMakeFiles/cmTryCompileExec1028031472.dir/CMakeCXXCompilerABI.cpp.o  -o cmTryCompileExec1028031472   
Apple LLVM version 7.3.0 (clang-703.0.31)
Target: x86_64-apple-darwin15.6.0
Thread model: posix
InstalledDir: /Applications/Xcode.app/Contents/Developer/Toolchains/XcodeDefault.xctoolchain/usr/bin
 "/Applications/Xcode.app/Contents/Developer/Toolchains/XcodeDefault.xctoolchain/usr/bin/ld" -demangle -dynamic -arch x86_64 -macosx_version_min 10.11.0 -syslibroot /Applications/Xcode.app/Contents/Developer/Platforms/MacOSX.platform/Developer/SDKs/MacOSX10.11.sdk -o cmTryCompileExec1028031472 -search_paths_first -headerpad_max_install_names -v CMakeFiles/cmTryCompileExec1028031472.dir/CMakeCXXCompilerABI.cpp.o -lc++ -lSystem /Applications/Xcode.app/Contents/Developer/Toolchains/XcodeDefault.xctoolchain/usr/bin/../lib/clang/7.3.0/lib/darwin/libclang_rt.osx.a
@(#)PROGRAM:ld  PROJECT:ld64-264.3.102
configured to support archs: armv6 armv7 armv7s arm64 i386 x86_64 x86_64h armv6m armv7k armv7m armv7em (tvOS)
Library search paths:
	/Applications/Xcode.app/Contents/Developer/Platforms/MacOSX.platform/Developer/SDKs/MacOSX10.11.sdk/usr/lib
Framework search paths:
	/Applications/Xcode.app/Contents/Developer/Platforms/MacOSX.platform/Developer/SDKs/MacOSX10.11.sdk/System/Library/Frameworks/


Parsed CXX implicit link information from above output:
  link line regex: [^( *|.*[/\])(ld|([^/\]+-)?ld|collect2)[^/\]*( |$)]
  ignore line: [Change Dir: /Users/gudbrand/libigl/libigl-example-project/build/CMakeFiles/CMakeTmp]
  ignore line: []
  ignore line: [Run Build Command:"/usr/bin/make" "cmTryCompileExec1028031472/fast"]
  ignore line: [/Applications/Xcode.app/Contents/Developer/usr/bin/make -f CMakeFiles/cmTryCompileExec1028031472.dir/build.make CMakeFiles/cmTryCompileExec1028031472.dir/build]
  ignore line: [/usr/local/bin/cmake -E cmake_progress_report /Users/gudbrand/libigl/libigl-example-project/build/CMakeFiles/CMakeTmp/CMakeFiles 1]
  ignore line: [Building CXX object CMakeFiles/cmTryCompileExec1028031472.dir/CMakeCXXCompilerABI.cpp.o]
  ignore line: [/usr/bin/c++    -isysroot /Applications/Xcode.app/Contents/Developer/Platforms/MacOSX.platform/Developer/SDKs/MacOSX10.11.sdk   -o CMakeFiles/cmTryCompileExec1028031472.dir/CMakeCXXCompilerABI.cpp.o -c /usr/local/share/cmake-3.0/Modules/CMakeCXXCompilerABI.cpp]
  ignore line: [Linking CXX executable cmTryCompileExec1028031472]
  ignore line: [/usr/local/bin/cmake -E cmake_link_script CMakeFiles/cmTryCompileExec1028031472.dir/link.txt --verbose=1]
  ignore line: [/usr/bin/c++     -isysroot /Applications/Xcode.app/Contents/Developer/Platforms/MacOSX.platform/Developer/SDKs/MacOSX10.11.sdk -Wl,-search_paths_first -Wl,-headerpad_max_install_names -v -Wl,-v CMakeFiles/cmTryCompileExec1028031472.dir/CMakeCXXCompilerABI.cpp.o  -o cmTryCompileExec1028031472   ]
  ignore line: [Apple LLVM version 7.3.0 (clang-703.0.31)]
  ignore line: [Target: x86_64-apple-darwin15.6.0]
  ignore line: [Thread model: posix]
  ignore line: [InstalledDir: /Applications/Xcode.app/Contents/Developer/Toolchains/XcodeDefault.xctoolchain/usr/bin]
  link line: [ "/Applications/Xcode.app/Contents/Developer/Toolchains/XcodeDefault.xctoolchain/usr/bin/ld" -demangle -dynamic -arch x86_64 -macosx_version_min 10.11.0 -syslibroot /Applications/Xcode.app/Contents/Developer/Platforms/MacOSX.platform/Developer/SDKs/MacOSX10.11.sdk -o cmTryCompileExec1028031472 -search_paths_first -headerpad_max_install_names -v CMakeFiles/cmTryCompileExec1028031472.dir/CMakeCXXCompilerABI.cpp.o -lc++ -lSystem /Applications/Xcode.app/Contents/Developer/Toolchains/XcodeDefault.xctoolchain/usr/bin/../lib/clang/7.3.0/lib/darwin/libclang_rt.osx.a]
    arg [/Applications/Xcode.app/Contents/Developer/Toolchains/XcodeDefault.xctoolchain/usr/bin/ld] ==> ignore
    arg [-demangle] ==> ignore
    arg [-dynamic] ==> ignore
    arg [-arch] ==> ignore
    arg [x86_64] ==> ignore
    arg [-macosx_version_min] ==> ignore
    arg [10.11.0] ==> ignore
    arg [-syslibroot] ==> ignore
    arg [/Applications/Xcode.app/Contents/Developer/Platforms/MacOSX.platform/Developer/SDKs/MacOSX10.11.sdk] ==> ignore
    arg [-o] ==> ignore
    arg [cmTryCompileExec1028031472] ==> ignore
    arg [-search_paths_first] ==> ignore
    arg [-headerpad_max_install_names] ==> ignore
    arg [-v] ==> ignore
    arg [CMakeFiles/cmTryCompileExec1028031472.dir/CMakeCXXCompilerABI.cpp.o] ==> ignore
    arg [-lc++] ==> lib [c++]
    arg [-lSystem] ==> lib [System]
    arg [/Applications/Xcode.app/Contents/Developer/Toolchains/XcodeDefault.xctoolchain/usr/bin/../lib/clang/7.3.0/lib/darwin/libclang_rt.osx.a] ==> lib [/Applications/Xcode.app/Contents/Developer/Toolchains/XcodeDefault.xctoolchain/usr/bin/../lib/clang/7.3.0/lib/darwin/libclang_rt.osx.a]
  Library search paths: [;/Applications/Xcode.app/Contents/Developer/Platforms/MacOSX.platform/Developer/SDKs/MacOSX10.11.sdk/usr/lib]
  Framework search paths: [;/Applications/Xcode.app/Contents/Developer/Platforms/MacOSX.platform/Developer/SDKs/MacOSX10.11.sdk/System/Library/Frameworks/]
  remove lib [System]
  collapse lib [/Applications/Xcode.app/Contents/Developer/Toolchains/XcodeDefault.xctoolchain/usr/bin/../lib/clang/7.3.0/lib/darwin/libclang_rt.osx.a] ==> [/Applications/Xcode.app/Contents/Developer/Toolchains/XcodeDefault.xctoolchain/usr/lib/clang/7.3.0/lib/darwin/libclang_rt.osx.a]
  collapse library dir [/Applications/Xcode.app/Contents/Developer/Platforms/MacOSX.platform/Developer/SDKs/MacOSX10.11.sdk/usr/lib] ==> [/Applications/Xcode.app/Contents/Developer/Platforms/MacOSX.platform/Developer/SDKs/MacOSX10.11.sdk/usr/lib]
  collapse framework dir [/Applications/Xcode.app/Contents/Developer/Platforms/MacOSX.platform/Developer/SDKs/MacOSX10.11.sdk/System/Library/Frameworks/] ==> [/Applications/Xcode.app/Contents/Developer/Platforms/MacOSX.platform/Developer/SDKs/MacOSX10.11.sdk/System/Library/Frameworks]
  implicit libs: [c++;/Applications/Xcode.app/Contents/Developer/Toolchains/XcodeDefault.xctoolchain/usr/lib/clang/7.3.0/lib/darwin/libclang_rt.osx.a]
  implicit dirs: [/Applications/Xcode.app/Contents/Developer/Platforms/MacOSX.platform/Developer/SDKs/MacOSX10.11.sdk/usr/lib]
  implicit fwks: [/Applications/Xcode.app/Contents/Developer/Platforms/MacOSX.platform/Developer/SDKs/MacOSX10.11.sdk/System/Library/Frameworks]


Determining if files pthread.h exist passed with the following output:
Change Dir: /Users/gudbrand/libigl/libigl-example-project/build/CMakeFiles/CMakeTmp

Run Build Command:"/usr/bin/make" "cmTryCompileExec3923390780/fast"
/Applications/Xcode.app/Contents/Developer/usr/bin/make -f CMakeFiles/cmTryCompileExec3923390780.dir/build.make CMakeFiles/cmTryCompileExec3923390780.dir/build
/usr/local/bin/cmake -E cmake_progress_report /Users/gudbrand/libigl/libigl-example-project/build/CMakeFiles/CMakeTmp/CMakeFiles 1
Building C object CMakeFiles/cmTryCompileExec3923390780.dir/CheckIncludeFiles.c.o
/usr/bin/cc   -isysroot /Applications/Xcode.app/Contents/Developer/Platforms/MacOSX.platform/Developer/SDKs/MacOSX10.11.sdk   -o CMakeFiles/cmTryCompileExec3923390780.dir/CheckIncludeFiles.c.o   -c /Users/gudbrand/libigl/libigl-example-project/build/CMakeFiles/CMakeTmp/CheckIncludeFiles.c
Linking C executable cmTryCompileExec3923390780
/usr/local/bin/cmake -E cmake_link_script CMakeFiles/cmTryCompileExec3923390780.dir/link.txt --verbose=1
/usr/bin/cc    -isysroot /Applications/Xcode.app/Contents/Developer/Platforms/MacOSX.platform/Developer/SDKs/MacOSX10.11.sdk -Wl,-search_paths_first -Wl,-headerpad_max_install_names   CMakeFiles/cmTryCompileExec3923390780.dir/CheckIncludeFiles.c.o  -o cmTryCompileExec3923390780  


Determining if the pthread_create exist passed with the following output:
Change Dir: /Users/gudbrand/libigl/libigl-example-project/build/CMakeFiles/CMakeTmp

Run Build Command:"/usr/bin/make" "cmTryCompileExec2409822823/fast"
/Applications/Xcode.app/Contents/Developer/usr/bin/make -f CMakeFiles/cmTryCompileExec2409822823.dir/build.make CMakeFiles/cmTryCompileExec2409822823.dir/build
/usr/local/bin/cmake -E cmake_progress_report /Users/gudbrand/libigl/libigl-example-project/build/CMakeFiles/CMakeTmp/CMakeFiles 1
Building C object CMakeFiles/cmTryCompileExec2409822823.dir/CheckSymbolExists.c.o
/usr/bin/cc   -isysroot /Applications/Xcode.app/Contents/Developer/Platforms/MacOSX.platform/Developer/SDKs/MacOSX10.11.sdk   -o CMakeFiles/cmTryCompileExec2409822823.dir/CheckSymbolExists.c.o   -c /Users/gudbrand/libigl/libigl-example-project/build/CMakeFiles/CMakeTmp/CheckSymbolExists.c
Linking C executable cmTryCompileExec2409822823
/usr/local/bin/cmake -E cmake_link_script CMakeFiles/cmTryCompileExec2409822823.dir/link.txt --verbose=1
/usr/bin/cc    -isysroot /Applications/Xcode.app/Contents/Developer/Platforms/MacOSX.platform/Developer/SDKs/MacOSX10.11.sdk -Wl,-search_paths_first -Wl,-headerpad_max_install_names   CMakeFiles/cmTryCompileExec2409822823.dir/CheckSymbolExists.c.o  -o cmTryCompileExec2409822823  

File /Users/gudbrand/libigl/libigl-example-project/build/CMakeFiles/CMakeTmp/CheckSymbolExists.c:
/* */
#include <pthread.h>

int main(int argc, char** argv)
{
  (void)argv;
#ifndef pthread_create
  return ((int*)(&pthread_create))[argc];
#else
  (void)argc;
  return 0;
#endif
}

Determining if files pthread.h exist passed with the following output:
Change Dir: /Users/gudbrand/Documents/C++/ICP_Project/build/CMakeFiles/CMakeTmp

Run Build Command:"/usr/bin/make" "cmTryCompileExec1318699163/fast"
/Applications/Xcode.app/Contents/Developer/usr/bin/make -f CMakeFiles/cmTryCompileExec1318699163.dir/build.make CMakeFiles/cmTryCompileExec1318699163.dir/build
/usr/local/bin/cmake -E cmake_progress_report /Users/gudbrand/Documents/C++/ICP_Project/build/CMakeFiles/CMakeTmp/CMakeFiles 1
Building C object CMakeFiles/cmTryCompileExec1318699163.dir/CheckIncludeFiles.c.o
/usr/bin/cc   -isysroot /Applications/Xcode.app/Contents/Developer/Platforms/MacOSX.platform/Developer/SDKs/MacOSX10.11.sdk   -o CMakeFiles/cmTryCompileExec1318699163.dir/CheckIncludeFiles.c.o   -c /Users/gudbrand/Documents/C++/ICP_Project/build/CMakeFiles/CMakeTmp/CheckIncludeFiles.c
Linking C executable cmTryCompileExec1318699163
/usr/local/bin/cmake -E cmake_link_script CMakeFiles/cmTryCompileExec1318699163.dir/link.txt --verbose=1
/usr/bin/cc    -isysroot /Applications/Xcode.app/Contents/Developer/Platforms/MacOSX.platform/Developer/SDKs/MacOSX10.11.sdk -Wl,-search_paths_first -Wl,-headerpad_max_install_names   CMakeFiles/cmTryCompileExec1318699163.dir/CheckIncludeFiles.c.o  -o cmTryCompileExec1318699163  


Determining if the pthread_create exist passed with the following output:
Change Dir: /Users/gudbrand/Documents/C++/ICP_Project/build/CMakeFiles/CMakeTmp

Run Build Command:"/usr/bin/make" "cmTryCompileExec1444372761/fast"
/Applications/Xcode.app/Contents/Developer/usr/bin/make -f CMakeFiles/cmTryCompileExec1444372761.dir/build.make CMakeFiles/cmTryCompileExec1444372761.dir/build
/usr/local/bin/cmake -E cmake_progress_report /Users/gudbrand/Documents/C++/ICP_Project/build/CMakeFiles/CMakeTmp/CMakeFiles 1
Building C object CMakeFiles/cmTryCompileExec1444372761.dir/CheckSymbolExists.c.o
/usr/bin/cc   -isysroot /Applications/Xcode.app/Contents/Developer/Platforms/MacOSX.platform/Developer/SDKs/MacOSX10.11.sdk   -o CMakeFiles/cmTryCompileExec1444372761.dir/CheckSymbolExists.c.o   -c /Users/gudbrand/Documents/C++/ICP_Project/build/CMakeFiles/CMakeTmp/CheckSymbolExists.c
Linking C executable cmTryCompileExec1444372761
/usr/local/bin/cmake -E cmake_link_script CMakeFiles/cmTryCompileExec1444372761.dir/link.txt --verbose=1
/usr/bin/cc    -isysroot /Applications/Xcode.app/Contents/Developer/Platforms/MacOSX.platform/Developer/SDKs/MacOSX10.11.sdk -Wl,-search_paths_first -Wl,-headerpad_max_install_names   CMakeFiles/cmTryCompileExec1444372761.dir/CheckSymbolExists.c.o  -o cmTryCompileExec1444372761  

File /Users/gudbrand/Documents/C++/ICP_Project/build/CMakeFiles/CMakeTmp/CheckSymbolExists.c:
/* */
#include <pthread.h>

int main(int argc, char** argv)
{
  (void)argv;
#ifndef pthread_create
  return ((int*)(&pthread_create))[argc];
#else
  (void)argc;
  return 0;
#endif
}

Determining if files pthread.h exist passed with the following output:
Change Dir: /Users/gudbrand/Documents/C++/ICP_Project/build/CMakeFiles/CMakeTmp

Run Build Command:"/usr/local/bin/cmakexbuild" "-project" "CMAKE_TRY_COMPILE.xcodeproj" "build" "-target" "cmTryCompileExec3614002617" "-configuration" "Debug"
2016-11-19 10:24:54.373 xcodebuild[34068:5831791] warning:  The file reference for "CMakeLists.txt" is a member of multiple groups ("ALL_BUILD" and "cmTryCompileExec3614002617"); this indicates a malformed project.  Only the membership in one of the groups will be preserved (but membership in targets will be unaffected).  If you want a reference to the same file in more than one group, please add another reference to the same path.
=== BUILD TARGET cmTryCompileExec3614002617 OF PROJECT CMAKE_TRY_COMPILE WITH CONFIGURATION Debug ===

Check dependencies

Write auxiliary files
/bin/mkdir -p /Users/gudbrand/Documents/C++/ICP_Project/build/CMakeFiles/CMakeTmp/CMAKE_TRY_COMPILE.build/Debug/cmTryCompileExec3614002617.build/Objects-normal/x86_64
write-file /Users/gudbrand/Documents/C++/ICP_Project/build/CMakeFiles/CMakeTmp/CMAKE_TRY_COMPILE.build/Debug/cmTryCompileExec3614002617.build/Objects-normal/x86_64/cmTryCompileExec3614002617.LinkFileList

CompileC CMAKE_TRY_COMPILE.build/Debug/cmTryCompileExec3614002617.build/Objects-normal/x86_64/CheckIncludeFiles.o CheckIncludeFiles.c normal x86_64 c com.apple.compilers.llvm.clang.1_0.compiler
    cd /Users/gudbrand/Documents/C++/ICP_Project/build/CMakeFiles/CMakeTmp
    export LANG=en_US.US-ASCII
    /Applications/Xcode.app/Contents/Developer/Toolchains/XcodeDefault.xctoolchain/usr/bin/clang -x c -arch x86_64 -fmessage-length=0 -fdiagnostics-show-note-include-stack -fmacro-backtrace-limit=0 -Wno-trigraphs -fpascal-strings -O0 -Wno-missing-field-initializers -Wno-missing-prototypes -Wno-return-type -Wno-missing-braces -Wparentheses -Wswitch -Wno-unused-function -Wno-unused-label -Wno-unused-parameter -Wno-unused-variable -Wunused-value -Wno-empty-body -Wno-uninitialized -Wno-unknown-pragmas -Wno-shadow -Wno-four-char-constants -Wno-conversion -Wno-constant-conversion -Wno-int-conversion -Wno-bool-conversion -Wno-enum-conversion -Wno-shorten-64-to-32 -Wpointer-sign -Wno-newline-eof -DCMAKE_INTDIR=\"Debug\" -isysroot /Applications/Xcode.app/Contents/Developer/Platforms/MacOSX.platform/Developer/SDKs/MacOSX10.11.sdk -fasm-blocks -fstrict-aliasing -Wdeprecated-declarations -mmacosx-version-min=10.11 -g -Wno-sign-conversion -I/Users/gudbrand/Documents/C++/ICP_Project/build/CMakeFiles/CMakeTmp/Debug/include -I/Users/gudbrand/Documents/C++/ICP_Project/build/CMakeFiles/CMakeTmp/CMAKE_TRY_COMPILE.build/Debug/cmTryCompileExec3614002617.build/DerivedSources/x86_64 -I/Users/gudbrand/Documents/C++/ICP_Project/build/CMakeFiles/CMakeTmp/CMAKE_TRY_COMPILE.build/Debug/cmTryCompileExec3614002617.build/DerivedSources -Wmost -Wno-four-char-constants -Wno-unknown-pragmas -F/Users/gudbrand/Documents/C++/ICP_Project/build/CMakeFiles/CMakeTmp/Debug -MMD -MT dependencies -MF /Users/gudbrand/Documents/C++/ICP_Project/build/CMakeFiles/CMakeTmp/CMAKE_TRY_COMPILE.build/Debug/cmTryCompileExec3614002617.build/Objects-normal/x86_64/CheckIncludeFiles.d --serialize-diagnostics /Users/gudbrand/Documents/C++/ICP_Project/build/CMakeFiles/CMakeTmp/CMAKE_TRY_COMPILE.build/Debug/cmTryCompileExec3614002617.build/Objects-normal/x86_64/CheckIncludeFiles.dia -c /Users/gudbrand/Documents/C++/ICP_Project/build/CMakeFiles/CMakeTmp/CheckIncludeFiles.c -o /Users/gudbrand/Documents/C++/ICP_Project/build/CMakeFiles/CMakeTmp/CMAKE_TRY_COMPILE.build/Debug/cmTryCompileExec3614002617.build/Objects-normal/x86_64/CheckIncludeFiles.o

Ld Debug/cmTryCompileExec3614002617 normal x86_64
    cd /Users/gudbrand/Documents/C++/ICP_Project/build/CMakeFiles/CMakeTmp
    export MACOSX_DEPLOYMENT_TARGET=10.11
    /Applications/Xcode.app/Contents/Developer/Toolchains/XcodeDefault.xctoolchain/usr/bin/clang -arch x86_64 -isysroot /Applications/Xcode.app/Contents/Developer/Platforms/MacOSX.platform/Developer/SDKs/MacOSX10.11.sdk -L/Users/gudbrand/Documents/C++/ICP_Project/build/CMakeFiles/CMakeTmp/Debug -F/Users/gudbrand/Documents/C++/ICP_Project/build/CMakeFiles/CMakeTmp/Debug -filelist /Users/gudbrand/Documents/C++/ICP_Project/build/CMakeFiles/CMakeTmp/CMAKE_TRY_COMPILE.build/Debug/cmTryCompileExec3614002617.build/Objects-normal/x86_64/cmTryCompileExec3614002617.LinkFileList -mmacosx-version-min=10.11 -Xlinker -no_deduplicate -Wl,-search_paths_first -Wl,-headerpad_max_install_names -Xlinker -dependency_info -Xlinker /Users/gudbrand/Documents/C++/ICP_Project/build/CMakeFiles/CMakeTmp/CMAKE_TRY_COMPILE.build/Debug/cmTryCompileExec3614002617.build/Objects-normal/x86_64/cmTryCompileExec3614002617_dependency_info.dat -o /Users/gudbrand/Documents/C++/ICP_Project/build/CMakeFiles/CMakeTmp/Debug/cmTryCompileExec3614002617

** BUILD SUCCEEDED **



Determining if the pthread_create exist passed with the following output:
Change Dir: /Users/gudbrand/Documents/C++/ICP_Project/build/CMakeFiles/CMakeTmp

Run Build Command:"/usr/local/bin/cmakexbuild" "-project" "CMAKE_TRY_COMPILE.xcodeproj" "build" "-target" "cmTryCompileExec3725405183" "-configuration" "Debug"
2016-11-19 10:25:03.032 xcodebuild[34095:5832448] warning:  The file reference for "CMakeLists.txt" is a member of multiple groups ("ALL_BUILD" and "cmTryCompileExec3725405183"); this indicates a malformed project.  Only the membership in one of the groups will be preserved (but membership in targets will be unaffected).  If you want a reference to the same file in more than one group, please add another reference to the same path.
=== BUILD TARGET cmTryCompileExec3725405183 OF PROJECT CMAKE_TRY_COMPILE WITH CONFIGURATION Debug ===

Check dependencies

Write auxiliary files
/bin/mkdir -p /Users/gudbrand/Documents/C++/ICP_Project/build/CMakeFiles/CMakeTmp/CMAKE_TRY_COMPILE.build/Debug/cmTryCompileExec3725405183.build/Objects-normal/x86_64
write-file /Users/gudbrand/Documents/C++/ICP_Project/build/CMakeFiles/CMakeTmp/CMAKE_TRY_COMPILE.build/Debug/cmTryCompileExec3725405183.build/Objects-normal/x86_64/cmTryCompileExec3725405183.LinkFileList

CompileC CMAKE_TRY_COMPILE.build/Debug/cmTryCompileExec3725405183.build/Objects-normal/x86_64/CheckSymbolExists.o CheckSymbolExists.c normal x86_64 c com.apple.compilers.llvm.clang.1_0.compiler
    cd /Users/gudbrand/Documents/C++/ICP_Project/build/CMakeFiles/CMakeTmp
    export LANG=en_US.US-ASCII
    /Applications/Xcode.app/Contents/Developer/Toolchains/XcodeDefault.xctoolchain/usr/bin/clang -x c -arch x86_64 -fmessage-length=0 -fdiagnostics-show-note-include-stack -fmacro-backtrace-limit=0 -Wno-trigraphs -fpascal-strings -O0 -Wno-missing-field-initializers -Wno-missing-prototypes -Wno-return-type -Wno-missing-braces -Wparentheses -Wswitch -Wno-unused-function -Wno-unused-label -Wno-unused-parameter -Wno-unused-variable -Wunused-value -Wno-empty-body -Wno-uninitialized -Wno-unknown-pragmas -Wno-shadow -Wno-four-char-constants -Wno-conversion -Wno-constant-conversion -Wno-int-conversion -Wno-bool-conversion -Wno-enum-conversion -Wno-shorten-64-to-32 -Wpointer-sign -Wno-newline-eof -DCMAKE_INTDIR=\"Debug\" -isysroot /Applications/Xcode.app/Contents/Developer/Platforms/MacOSX.platform/Developer/SDKs/MacOSX10.11.sdk -fasm-blocks -fstrict-aliasing -Wdeprecated-declarations -mmacosx-version-min=10.11 -g -Wno-sign-conversion -I/Users/gudbrand/Documents/C++/ICP_Project/build/CMakeFiles/CMakeTmp/Debug/include -I/Users/gudbrand/Documents/C++/ICP_Project/build/CMakeFiles/CMakeTmp/CMAKE_TRY_COMPILE.build/Debug/cmTryCompileExec3725405183.build/DerivedSources/x86_64 -I/Users/gudbrand/Documents/C++/ICP_Project/build/CMakeFiles/CMakeTmp/CMAKE_TRY_COMPILE.build/Debug/cmTryCompileExec3725405183.build/DerivedSources -Wmost -Wno-four-char-constants -Wno-unknown-pragmas -F/Users/gudbrand/Documents/C++/ICP_Project/build/CMakeFiles/CMakeTmp/Debug -MMD -MT dependencies -MF /Users/gudbrand/Documents/C++/ICP_Project/build/CMakeFiles/CMakeTmp/CMAKE_TRY_COMPILE.build/Debug/cmTryCompileExec3725405183.build/Objects-normal/x86_64/CheckSymbolExists.d --serialize-diagnostics /Users/gudbrand/Documents/C++/ICP_Project/build/CMakeFiles/CMakeTmp/CMAKE_TRY_COMPILE.build/Debug/cmTryCompileExec3725405183.build/Objects-normal/x86_64/CheckSymbolExists.dia -c /Users/gudbrand/Documents/C++/ICP_Project/build/CMakeFiles/CMakeTmp/CheckSymbolExists.c -o /Users/gudbrand/Documents/C++/ICP_Project/build/CMakeFiles/CMakeTmp/CMAKE_TRY_COMPILE.build/Debug/cmTryCompileExec3725405183.build/Objects-normal/x86_64/CheckSymbolExists.o

Ld Debug/cmTryCompileExec3725405183 normal x86_64
    cd /Users/gudbrand/Documents/C++/ICP_Project/build/CMakeFiles/CMakeTmp
    export MACOSX_DEPLOYMENT_TARGET=10.11
    /Applications/Xcode.app/Contents/Developer/Toolchains/XcodeDefault.xctoolchain/usr/bin/clang -arch x86_64 -isysroot /Applications/Xcode.app/Contents/Developer/Platforms/MacOSX.platform/Developer/SDKs/MacOSX10.11.sdk -L/Users/gudbrand/Documents/C++/ICP_Project/build/CMakeFiles/CMakeTmp/Debug -F/Users/gudbrand/Documents/C++/ICP_Project/build/CMakeFiles/CMakeTmp/Debug -filelist /Users/gudbrand/Documents/C++/ICP_Project/build/CMakeFiles/CMakeTmp/CMAKE_TRY_COMPILE.build/Debug/cmTryCompileExec3725405183.build/Objects-normal/x86_64/cmTryCompileExec3725405183.LinkFileList -mmacosx-version-min=10.11 -Xlinker -no_deduplicate -Wl,-search_paths_first -Wl,-headerpad_max_install_names -Xlinker -dependency_info -Xlinker /Users/gudbrand/Documents/C++/ICP_Project/build/CMakeFiles/CMakeTmp/CMAKE_TRY_COMPILE.build/Debug/cmTryCompileExec3725405183.build/Objects-normal/x86_64/cmTryCompileExec3725405183_dependency_info.dat -o /Users/gudbrand/Documents/C++/ICP_Project/build/CMakeFiles/CMakeTmp/Debug/cmTryCompileExec3725405183

** BUILD SUCCEEDED **


File /Users/gudbrand/Documents/C++/ICP_Project/build/CMakeFiles/CMakeTmp/CheckSymbolExists.c:
/* */
#include <pthread.h>

int main(int argc, char** argv)
{
  (void)argv;
#ifndef pthread_create
  return ((int*)(&pthread_create))[argc];
#else
  (void)argc;
  return 0;
#endif
}

Determining if files pthread.h exist passed with the following output:
Change Dir: /Users/gudbrand/Documents/C++/ICP_Project/build/CMakeFiles/CMakeTmp

Run Build Command:"/usr/bin/make" "cmTryCompileExec512626011/fast"
/Applications/Xcode.app/Contents/Developer/usr/bin/make -f CMakeFiles/cmTryCompileExec512626011.dir/build.make CMakeFiles/cmTryCompileExec512626011.dir/build
/usr/local/bin/cmake -E cmake_progress_report /Users/gudbrand/Documents/C++/ICP_Project/build/CMakeFiles/CMakeTmp/CMakeFiles 1
Building C object CMakeFiles/cmTryCompileExec512626011.dir/CheckIncludeFiles.c.o
/usr/bin/cc   -Wno-deprecated-declarations  -isysroot /Applications/Xcode.app/Contents/Developer/Platforms/MacOSX.platform/Developer/SDKs/MacOSX10.11.sdk   -o CMakeFiles/cmTryCompileExec512626011.dir/CheckIncludeFiles.c.o   -c /Users/gudbrand/Documents/C++/ICP_Project/build/CMakeFiles/CMakeTmp/CheckIncludeFiles.c
Linking C executable cmTryCompileExec512626011
/usr/local/bin/cmake -E cmake_link_script CMakeFiles/cmTryCompileExec512626011.dir/link.txt --verbose=1
/usr/bin/cc   -Wno-deprecated-declarations  -isysroot /Applications/Xcode.app/Contents/Developer/Platforms/MacOSX.platform/Developer/SDKs/MacOSX10.11.sdk -Wl,-search_paths_first -Wl,-headerpad_max_install_names   CMakeFiles/cmTryCompileExec512626011.dir/CheckIncludeFiles.c.o  -o cmTryCompileExec512626011  


Determining if the pthread_create exist passed with the following output:
Change Dir: /Users/gudbrand/Documents/C++/ICP_Project/build/CMakeFiles/CMakeTmp

Run Build Command:"/usr/bin/make" "cmTryCompileExec1958582492/fast"
/Applications/Xcode.app/Contents/Developer/usr/bin/make -f CMakeFiles/cmTryCompileExec1958582492.dir/build.make CMakeFiles/cmTryCompileExec1958582492.dir/build
/usr/local/bin/cmake -E cmake_progress_report /Users/gudbrand/Documents/C++/ICP_Project/build/CMakeFiles/CMakeTmp/CMakeFiles 1
Building C object CMakeFiles/cmTryCompileExec1958582492.dir/CheckSymbolExists.c.o
/usr/bin/cc   -Wno-deprecated-declarations  -isysroot /Applications/Xcode.app/Contents/Developer/Platforms/MacOSX.platform/Developer/SDKs/MacOSX10.11.sdk   -o CMakeFiles/cmTryCompileExec1958582492.dir/CheckSymbolExists.c.o   -c /Users/gudbrand/Documents/C++/ICP_Project/build/CMakeFiles/CMakeTmp/CheckSymbolExists.c
Linking C executable cmTryCompileExec1958582492
/usr/local/bin/cmake -E cmake_link_script CMakeFiles/cmTryCompileExec1958582492.dir/link.txt --verbose=1
/usr/bin/cc   -Wno-deprecated-declarations  -isysroot /Applications/Xcode.app/Contents/Developer/Platforms/MacOSX.platform/Developer/SDKs/MacOSX10.11.sdk -Wl,-search_paths_first -Wl,-headerpad_max_install_names   CMakeFiles/cmTryCompileExec1958582492.dir/CheckSymbolExists.c.o  -o cmTryCompileExec1958582492  

File /Users/gudbrand/Documents/C++/ICP_Project/build/CMakeFiles/CMakeTmp/CheckSymbolExists.c:
/* */
#include <pthread.h>

int main(int argc, char** argv)
{
  (void)argv;
#ifndef pthread_create
  return ((int*)(&pthread_create))[argc];
#else
  (void)argc;
  return 0;
#endif
}

Performing C++ SOURCE FILE Test HAS_CPP14_FLAG succeded with the following output:
Change Dir: /Users/gudbrand/Documents/C++/ICP_Project/build/CMakeFiles/CMakeTmp

Run Build Command:"/usr/bin/make" "cmTryCompileExec156437297/fast"
/Applications/Xcode.app/Contents/Developer/usr/bin/make -f CMakeFiles/cmTryCompileExec156437297.dir/build.make CMakeFiles/cmTryCompileExec156437297.dir/build
/usr/local/bin/cmake -E cmake_progress_report /Users/gudbrand/Documents/C++/ICP_Project/build/CMakeFiles/CMakeTmp/CMakeFiles 1
Building CXX object CMakeFiles/cmTryCompileExec156437297.dir/src.cxx.o
/usr/bin/c++    -std=c++11 -Wno-deprecated-declarations -std=c++11 -w -Wall -Wextra -DHAS_CPP14_FLAG -isysroot /Applications/Xcode.app/Contents/Developer/Platforms/MacOSX.platform/Developer/SDKs/MacOSX10.11.sdk   -std=c++14 -o CMakeFiles/cmTryCompileExec156437297.dir/src.cxx.o -c /Users/gudbrand/Documents/C++/ICP_Project/build/CMakeFiles/CMakeTmp/src.cxx
Linking CXX executable cmTryCompileExec156437297
/usr/local/bin/cmake -E cmake_link_script CMakeFiles/cmTryCompileExec156437297.dir/link.txt --verbose=1
/usr/bin/c++    -std=c++11 -Wno-deprecated-declarations -std=c++11 -w -Wall -Wextra -DHAS_CPP14_FLAG -isysroot /Applications/Xcode.app/Contents/Developer/Platforms/MacOSX.platform/Developer/SDKs/MacOSX10.11.sdk -Wl,-search_paths_first -Wl,-headerpad_max_install_names   CMakeFiles/cmTryCompileExec156437297.dir/src.cxx.o  -o cmTryCompileExec156437297  

Source file was:
int main() { return 0; }
Performing C++ SOURCE FILE Test HAS_CPP11_FLAG succeded with the following output:
Change Dir: /Users/gudbrand/Documents/C++/ICP_Project/build/CMakeFiles/CMakeTmp

Run Build Command:"/usr/bin/make" "cmTryCompileExec215885990/fast"
/Applications/Xcode.app/Contents/Developer/usr/bin/make -f CMakeFiles/cmTryCompileExec215885990.dir/build.make CMakeFiles/cmTryCompileExec215885990.dir/build
/usr/local/bin/cmake -E cmake_progress_report /Users/gudbrand/Documents/C++/ICP_Project/build/CMakeFiles/CMakeTmp/CMakeFiles 1
Building CXX object CMakeFiles/cmTryCompileExec215885990.dir/src.cxx.o
/usr/bin/c++    -std=c++11 -Wno-deprecated-declarations -std=c++11 -w -Wall -Wextra -DHAS_CPP11_FLAG -isysroot /Applications/Xcode.app/Contents/Developer/Platforms/MacOSX.platform/Developer/SDKs/MacOSX10.11.sdk   -std=c++11 -o CMakeFiles/cmTryCompileExec215885990.dir/src.cxx.o -c /Users/gudbrand/Documents/C++/ICP_Project/build/CMakeFiles/CMakeTmp/src.cxx
Linking CXX executable cmTryCompileExec215885990
/usr/local/bin/cmake -E cmake_link_script CMakeFiles/cmTryCompileExec215885990.dir/link.txt --verbose=1
/usr/bin/c++    -std=c++11 -Wno-deprecated-declarations -std=c++11 -w -Wall -Wextra -DHAS_CPP11_FLAG -isysroot /Applications/Xcode.app/Contents/Developer/Platforms/MacOSX.platform/Developer/SDKs/MacOSX10.11.sdk -Wl,-search_paths_first -Wl,-headerpad_max_install_names   CMakeFiles/cmTryCompileExec215885990.dir/src.cxx.o  -o cmTryCompileExec215885990  

Source file was:
int main() { return 0; }
Determining if files pthread.h exist passed with the following output:
Change Dir: /Users/gudbrand/Documents/C++/ICP_Project/build/CMakeFiles/CMakeTmp

Run Build Command:"/usr/local/bin/cmakexbuild" "-project" "CMAKE_TRY_COMPILE.xcodeproj" "build" "-target" "cmTryCompileExec2763787961" "-configuration" "Debug"
2016-12-06 10:30:39.820 xcodebuild[41216:17238472] warning:  The file reference for "CMakeLists.txt" is a member of multiple groups ("ALL_BUILD" and "cmTryCompileExec2763787961"); this indicates a malformed project.  Only the membership in one of the groups will be preserved (but membership in targets will be unaffected).  If you want a reference to the same file in more than one group, please add another reference to the same path.
=== BUILD TARGET cmTryCompileExec2763787961 OF PROJECT CMAKE_TRY_COMPILE WITH CONFIGURATION Debug ===

Check dependencies

Write auxiliary files
/bin/mkdir -p /Users/gudbrand/Documents/C++/ICP_Project/build/CMakeFiles/CMakeTmp/CMAKE_TRY_COMPILE.build/Debug/cmTryCompileExec2763787961.build/Objects-normal/x86_64
write-file /Users/gudbrand/Documents/C++/ICP_Project/build/CMakeFiles/CMakeTmp/CMAKE_TRY_COMPILE.build/Debug/cmTryCompileExec2763787961.build/Objects-normal/x86_64/cmTryCompileExec2763787961.LinkFileList

CompileC CMAKE_TRY_COMPILE.build/Debug/cmTryCompileExec2763787961.build/Objects-normal/x86_64/CheckIncludeFiles.o CheckIncludeFiles.c normal x86_64 c com.apple.compilers.llvm.clang.1_0.compiler
    cd /Users/gudbrand/Documents/C++/ICP_Project/build/CMakeFiles/CMakeTmp
    export LANG=en_US.US-ASCII
    /Applications/Xcode.app/Contents/Developer/Toolchains/XcodeDefault.xctoolchain/usr/bin/clang -x c -arch x86_64 -fmessage-length=0 -fdiagnostics-show-note-include-stack -fmacro-backtrace-limit=0 -Wno-trigraphs -fpascal-strings -O0 -Wno-missing-field-initializers -Wno-missing-prototypes -Wno-return-type -Wno-missing-braces -Wparentheses -Wswitch -Wno-unused-function -Wno-unused-label -Wno-unused-parameter -Wno-unused-variable -Wunused-value -Wno-empty-body -Wno-uninitialized -Wno-unknown-pragmas -Wno-shadow -Wno-four-char-constants -Wno-conversion -Wno-constant-conversion -Wno-int-conversion -Wno-bool-conversion -Wno-enum-conversion -Wno-shorten-64-to-32 -Wpointer-sign -Wno-newline-eof -DCMAKE_INTDIR=\"Debug\" -isysroot /Applications/Xcode.app/Contents/Developer/Platforms/MacOSX.platform/Developer/SDKs/MacOSX10.11.sdk -fasm-blocks -fstrict-aliasing -Wdeprecated-declarations -mmacosx-version-min=10.11 -g -Wno-sign-conversion -I/Users/gudbrand/Documents/C++/ICP_Project/build/CMakeFiles/CMakeTmp/Debug/include -I/Users/gudbrand/Documents/C++/ICP_Project/build/CMakeFiles/CMakeTmp/CMAKE_TRY_COMPILE.build/Debug/cmTryCompileExec2763787961.build/DerivedSources/x86_64 -I/Users/gudbrand/Documents/C++/ICP_Project/build/CMakeFiles/CMakeTmp/CMAKE_TRY_COMPILE.build/Debug/cmTryCompileExec2763787961.build/DerivedSources -Wmost -Wno-four-char-constants -Wno-unknown-pragmas -F/Users/gudbrand/Documents/C++/ICP_Project/build/CMakeFiles/CMakeTmp/Debug -Wno-deprecated-declarations -MMD -MT dependencies -MF /Users/gudbrand/Documents/C++/ICP_Project/build/CMakeFiles/CMakeTmp/CMAKE_TRY_COMPILE.build/Debug/cmTryCompileExec2763787961.build/Objects-normal/x86_64/CheckIncludeFiles.d --serialize-diagnostics /Users/gudbrand/Documents/C++/ICP_Project/build/CMakeFiles/CMakeTmp/CMAKE_TRY_COMPILE.build/Debug/cmTryCompileExec2763787961.build/Objects-normal/x86_64/CheckIncludeFiles.dia -c /Users/gudbrand/Documents/C++/ICP_Project/build/CMakeFiles/CMakeTmp/CheckIncludeFiles.c -o /Users/gudbrand/Documents/C++/ICP_Project/build/CMakeFiles/CMakeTmp/CMAKE_TRY_COMPILE.build/Debug/cmTryCompileExec2763787961.build/Objects-normal/x86_64/CheckIncludeFiles.o

Ld Debug/cmTryCompileExec2763787961 normal x86_64
    cd /Users/gudbrand/Documents/C++/ICP_Project/build/CMakeFiles/CMakeTmp
    export MACOSX_DEPLOYMENT_TARGET=10.11
    /Applications/Xcode.app/Contents/Developer/Toolchains/XcodeDefault.xctoolchain/usr/bin/clang -arch x86_64 -isysroot /Applications/Xcode.app/Contents/Developer/Platforms/MacOSX.platform/Developer/SDKs/MacOSX10.11.sdk -L/Users/gudbrand/Documents/C++/ICP_Project/build/CMakeFiles/CMakeTmp/Debug -F/Users/gudbrand/Documents/C++/ICP_Project/build/CMakeFiles/CMakeTmp/Debug -filelist /Users/gudbrand/Documents/C++/ICP_Project/build/CMakeFiles/CMakeTmp/CMAKE_TRY_COMPILE.build/Debug/cmTryCompileExec2763787961.build/Objects-normal/x86_64/cmTryCompileExec2763787961.LinkFileList -mmacosx-version-min=10.11 -Xlinker -no_deduplicate -Wl,-search_paths_first -Wl,-headerpad_max_install_names -Xlinker -dependency_info -Xlinker /Users/gudbrand/Documents/C++/ICP_Project/build/CMakeFiles/CMakeTmp/CMAKE_TRY_COMPILE.build/Debug/cmTryCompileExec2763787961.build/Objects-normal/x86_64/cmTryCompileExec2763787961_dependency_info.dat -o /Users/gudbrand/Documents/C++/ICP_Project/build/CMakeFiles/CMakeTmp/Debug/cmTryCompileExec2763787961

** BUILD SUCCEEDED **



Determining if the pthread_create exist passed with the following output:
Change Dir: /Users/gudbrand/Documents/C++/ICP_Project/build/CMakeFiles/CMakeTmp

Run Build Command:"/usr/local/bin/cmakexbuild" "-project" "CMAKE_TRY_COMPILE.xcodeproj" "build" "-target" "cmTryCompileExec101697679" "-configuration" "Debug"
2016-12-06 10:31:53.240 xcodebuild[41263:17240473] warning:  The file reference for "CMakeLists.txt" is a member of multiple groups ("ALL_BUILD" and "cmTryCompileExec101697679"); this indicates a malformed project.  Only the membership in one of the groups will be preserved (but membership in targets will be unaffected).  If you want a reference to the same file in more than one group, please add another reference to the same path.
=== BUILD TARGET cmTryCompileExec101697679 OF PROJECT CMAKE_TRY_COMPILE WITH CONFIGURATION Debug ===

Check dependencies

Write auxiliary files
/bin/mkdir -p /Users/gudbrand/Documents/C++/ICP_Project/build/CMakeFiles/CMakeTmp/CMAKE_TRY_COMPILE.build/Debug/cmTryCompileExec101697679.build/Objects-normal/x86_64
write-file /Users/gudbrand/Documents/C++/ICP_Project/build/CMakeFiles/CMakeTmp/CMAKE_TRY_COMPILE.build/Debug/cmTryCompileExec101697679.build/Objects-normal/x86_64/cmTryCompileExec101697679.LinkFileList

CompileC CMAKE_TRY_COMPILE.build/Debug/cmTryCompileExec101697679.build/Objects-normal/x86_64/CheckSymbolExists.o CheckSymbolExists.c normal x86_64 c com.apple.compilers.llvm.clang.1_0.compiler
    cd /Users/gudbrand/Documents/C++/ICP_Project/build/CMakeFiles/CMakeTmp
    export LANG=en_US.US-ASCII
    /Applications/Xcode.app/Contents/Developer/Toolchains/XcodeDefault.xctoolchain/usr/bin/clang -x c -arch x86_64 -fmessage-length=0 -fdiagnostics-show-note-include-stack -fmacro-backtrace-limit=0 -Wno-trigraphs -fpascal-strings -O0 -Wno-missing-field-initializers -Wno-missing-prototypes -Wno-return-type -Wno-missing-braces -Wparentheses -Wswitch -Wno-unused-function -Wno-unused-label -Wno-unused-parameter -Wno-unused-variable -Wunused-value -Wno-empty-body -Wno-uninitialized -Wno-unknown-pragmas -Wno-shadow -Wno-four-char-constants -Wno-conversion -Wno-constant-conversion -Wno-int-conversion -Wno-bool-conversion -Wno-enum-conversion -Wno-shorten-64-to-32 -Wpointer-sign -Wno-newline-eof -DCMAKE_INTDIR=\"Debug\" -isysroot /Applications/Xcode.app/Contents/Developer/Platforms/MacOSX.platform/Developer/SDKs/MacOSX10.11.sdk -fasm-blocks -fstrict-aliasing -Wdeprecated-declarations -mmacosx-version-min=10.11 -g -Wno-sign-conversion -I/Users/gudbrand/Documents/C++/ICP_Project/build/CMakeFiles/CMakeTmp/Debug/include -I/Users/gudbrand/Documents/C++/ICP_Project/build/CMakeFiles/CMakeTmp/CMAKE_TRY_COMPILE.build/Debug/cmTryCompileExec101697679.build/DerivedSources/x86_64 -I/Users/gudbrand/Documents/C++/ICP_Project/build/CMakeFiles/CMakeTmp/CMAKE_TRY_COMPILE.build/Debug/cmTryCompileExec101697679.build/DerivedSources -Wmost -Wno-four-char-constants -Wno-unknown-pragmas -F/Users/gudbrand/Documents/C++/ICP_Project/build/CMakeFiles/CMakeTmp/Debug -Wno-deprecated-declarations -MMD -MT dependencies -MF /Users/gudbrand/Documents/C++/ICP_Project/build/CMakeFiles/CMakeTmp/CMAKE_TRY_COMPILE.build/Debug/cmTryCompileExec101697679.build/Objects-normal/x86_64/CheckSymbolExists.d --serialize-diagnostics /Users/gudbrand/Documents/C++/ICP_Project/build/CMakeFiles/CMakeTmp/CMAKE_TRY_COMPILE.build/Debug/cmTryCompileExec101697679.build/Objects-normal/x86_64/CheckSymbolExists.dia -c /Users/gudbrand/Documents/C++/ICP_Project/build/CMakeFiles/CMakeTmp/CheckSymbolExists.c -o /Users/gudbrand/Documents/C++/ICP_Project/build/CMakeFiles/CMakeTmp/CMAKE_TRY_COMPILE.build/Debug/cmTryCompileExec101697679.build/Objects-normal/x86_64/CheckSymbolExists.o

Ld Debug/cmTryCompileExec101697679 normal x86_64
    cd /Users/gudbrand/Documents/C++/ICP_Project/build/CMakeFiles/CMakeTmp
    export MACOSX_DEPLOYMENT_TARGET=10.11
    /Applications/Xcode.app/Contents/Developer/Toolchains/XcodeDefault.xctoolchain/usr/bin/clang -arch x86_64 -isysroot /Applications/Xcode.app/Contents/Developer/Platforms/MacOSX.platform/Developer/SDKs/MacOSX10.11.sdk -L/Users/gudbrand/Documents/C++/ICP_Project/build/CMakeFiles/CMakeTmp/Debug -F/Users/gudbrand/Documents/C++/ICP_Project/build/CMakeFiles/CMakeTmp/Debug -filelist /Users/gudbrand/Documents/C++/ICP_Project/build/CMakeFiles/CMakeTmp/CMAKE_TRY_COMPILE.build/Debug/cmTryCompileExec101697679.build/Objects-normal/x86_64/cmTryCompileExec101697679.LinkFileList -mmacosx-version-min=10.11 -Xlinker -no_deduplicate -Wl,-search_paths_first -Wl,-headerpad_max_install_names -Xlinker -dependency_info -Xlinker /Users/gudbrand/Documents/C++/ICP_Project/build/CMakeFiles/CMakeTmp/CMAKE_TRY_COMPILE.build/Debug/cmTryCompileExec101697679.build/Objects-normal/x86_64/cmTryCompileExec101697679_dependency_info.dat -o /Users/gudbrand/Documents/C++/ICP_Project/build/CMakeFiles/CMakeTmp/Debug/cmTryCompileExec101697679

** BUILD SUCCEEDED **


File /Users/gudbrand/Documents/C++/ICP_Project/build/CMakeFiles/CMakeTmp/CheckSymbolExists.c:
/* */
#include <pthread.h>

int main(int argc, char** argv)
{
  (void)argv;
#ifndef pthread_create
  return ((int*)(&pthread_create))[argc];
#else
  (void)argc;
  return 0;
#endif
}

Performing C++ SOURCE FILE Test HAS_CPP14_FLAG succeded with the following output:
Change Dir: /Users/gudbrand/Documents/C++/ICP_Project/build/CMakeFiles/CMakeTmp

Run Build Command:"/usr/local/bin/cmakexbuild" "-project" "CMAKE_TRY_COMPILE.xcodeproj" "build" "-target" "cmTryCompileExec3817963852" "-configuration" "Debug"
2016-12-06 10:32:53.658 xcodebuild[41349:17243358] warning:  The file reference for "CMakeLists.txt" is a member of multiple groups ("ALL_BUILD" and "cmTryCompileExec3817963852"); this indicates a malformed project.  Only the membership in one of the groups will be preserved (but membership in targets will be unaffected).  If you want a reference to the same file in more than one group, please add another reference to the same path.
=== BUILD TARGET cmTryCompileExec3817963852 OF PROJECT CMAKE_TRY_COMPILE WITH CONFIGURATION Debug ===

Check dependencies

Write auxiliary files
/bin/mkdir -p /Users/gudbrand/Documents/C++/ICP_Project/build/CMakeFiles/CMakeTmp/CMAKE_TRY_COMPILE.build/Debug/cmTryCompileExec3817963852.build/Objects-normal/x86_64
write-file /Users/gudbrand/Documents/C++/ICP_Project/build/CMakeFiles/CMakeTmp/CMAKE_TRY_COMPILE.build/Debug/cmTryCompileExec3817963852.build/Objects-normal/x86_64/cmTryCompileExec3817963852.LinkFileList

CompileC CMAKE_TRY_COMPILE.build/Debug/cmTryCompileExec3817963852.build/Objects-normal/x86_64/src.o src.cxx normal x86_64 c++ com.apple.compilers.llvm.clang.1_0.compiler
    cd /Users/gudbrand/Documents/C++/ICP_Project/build/CMakeFiles/CMakeTmp
    export LANG=en_US.US-ASCII
    /Applications/Xcode.app/Contents/Developer/Toolchains/XcodeDefault.xctoolchain/usr/bin/clang -x c++ -arch x86_64 -fmessage-length=0 -fdiagnostics-show-note-include-stack -fmacro-backtrace-limit=0 -Wno-trigraphs -fpascal-strings -O0 -Wno-missing-field-initializers -Wno-missing-prototypes -Wno-return-type -Wno-non-virtual-dtor -Wno-overloaded-virtual -Wno-exit-time-destructors -Wno-missing-braces -Wparentheses -Wswitch -Wno-unused-function -Wno-unused-label -Wno-unused-parameter -Wno-unused-variable -Wunused-value -Wno-empty-body -Wno-uninitialized -Wno-unknown-pragmas -Wno-shadow -Wno-four-char-constants -Wno-conversion -Wno-constant-conversion -Wno-int-conversion -Wno-bool-conversion -Wno-enum-conversion -Wno-shorten-64-to-32 -Wno-newline-eof -Wno-c++11-extensions -DCMAKE_INTDIR=\"Debug\" -isysroot /Applications/Xcode.app/Contents/Developer/Platforms/MacOSX.platform/Developer/SDKs/MacOSX10.11.sdk -fasm-blocks -fstrict-aliasing -Wdeprecated-declarations -Winvalid-offsetof -mmacosx-version-min=10.11 -Wno-sign-conversion -I/Users/gudbrand/Documents/C++/ICP_Project/build/CMakeFiles/CMakeTmp/Debug/include -I/Users/gudbrand/Documents/C++/ICP_Project/build/CMakeFiles/CMakeTmp/CMAKE_TRY_COMPILE.build/Debug/cmTryCompileExec3817963852.build/DerivedSources/x86_64 -I/Users/gudbrand/Documents/C++/ICP_Project/build/CMakeFiles/CMakeTmp/CMAKE_TRY_COMPILE.build/Debug/cmTryCompileExec3817963852.build/DerivedSources -Wmost -Wno-four-char-constants -Wno-unknown-pragmas -F/Users/gudbrand/Documents/C++/ICP_Project/build/CMakeFiles/CMakeTmp/Debug -std=c++11 -Wno-deprecated-declarations -std=c++11 -w -Wall -Wextra -DHAS_CPP14_FLAG -g -std=c++14 -MMD -MT dependencies -MF /Users/gudbrand/Documents/C++/ICP_Project/build/CMakeFiles/CMakeTmp/CMAKE_TRY_COMPILE.build/Debug/cmTryCompileExec3817963852.build/Objects-normal/x86_64/src.d --serialize-diagnostics /Users/gudbrand/Documents/C++/ICP_Project/build/CMakeFiles/CMakeTmp/CMAKE_TRY_COMPILE.build/Debug/cmTryCompileExec3817963852.build/Objects-normal/x86_64/src.dia -c /Users/gudbrand/Documents/C++/ICP_Project/build/CMakeFiles/CMakeTmp/src.cxx -o /Users/gudbrand/Documents/C++/ICP_Project/build/CMakeFiles/CMakeTmp/CMAKE_TRY_COMPILE.build/Debug/cmTryCompileExec3817963852.build/Objects-normal/x86_64/src.o

Ld Debug/cmTryCompileExec3817963852 normal x86_64
    cd /Users/gudbrand/Documents/C++/ICP_Project/build/CMakeFiles/CMakeTmp
    export MACOSX_DEPLOYMENT_TARGET=10.11
    /Applications/Xcode.app/Contents/Developer/Toolchains/XcodeDefault.xctoolchain/usr/bin/clang++ -arch x86_64 -isysroot /Applications/Xcode.app/Contents/Developer/Platforms/MacOSX.platform/Developer/SDKs/MacOSX10.11.sdk -L/Users/gudbrand/Documents/C++/ICP_Project/build/CMakeFiles/CMakeTmp/Debug -F/Users/gudbrand/Documents/C++/ICP_Project/build/CMakeFiles/CMakeTmp/Debug -filelist /Users/gudbrand/Documents/C++/ICP_Project/build/CMakeFiles/CMakeTmp/CMAKE_TRY_COMPILE.build/Debug/cmTryCompileExec3817963852.build/Objects-normal/x86_64/cmTryCompileExec3817963852.LinkFileList -mmacosx-version-min=10.11 -Xlinker -no_deduplicate -Wl,-search_paths_first -Wl,-headerpad_max_install_names -Xlinker -dependency_info -Xlinker /Users/gudbrand/Documents/C++/ICP_Project/build/CMakeFiles/CMakeTmp/CMAKE_TRY_COMPILE.build/Debug/cmTryCompileExec3817963852.build/Objects-normal/x86_64/cmTryCompileExec3817963852_dependency_info.dat -o /Users/gudbrand/Documents/C++/ICP_Project/build/CMakeFiles/CMakeTmp/Debug/cmTryCompileExec3817963852

** BUILD SUCCEEDED **


Source file was:
int main() { return 0; }
Performing C++ SOURCE FILE Test HAS_CPP11_FLAG succeded with the following output:
Change Dir: /Users/gudbrand/Documents/C++/ICP_Project/build/CMakeFiles/CMakeTmp

Run Build Command:"/usr/local/bin/cmakexbuild" "-project" "CMAKE_TRY_COMPILE.xcodeproj" "build" "-target" "cmTryCompileExec3290815891" "-configuration" "Debug"
2016-12-06 10:32:58.590 xcodebuild[41375:17243740] warning:  The file reference for "CMakeLists.txt" is a member of multiple groups ("ALL_BUILD" and "cmTryCompileExec3290815891"); this indicates a malformed project.  Only the membership in one of the groups will be preserved (but membership in targets will be unaffected).  If you want a reference to the same file in more than one group, please add another reference to the same path.
=== BUILD TARGET cmTryCompileExec3290815891 OF PROJECT CMAKE_TRY_COMPILE WITH CONFIGURATION Debug ===

Check dependencies

Write auxiliary files
/bin/mkdir -p /Users/gudbrand/Documents/C++/ICP_Project/build/CMakeFiles/CMakeTmp/CMAKE_TRY_COMPILE.build/Debug/cmTryCompileExec3290815891.build/Objects-normal/x86_64
write-file /Users/gudbrand/Documents/C++/ICP_Project/build/CMakeFiles/CMakeTmp/CMAKE_TRY_COMPILE.build/Debug/cmTryCompileExec3290815891.build/Objects-normal/x86_64/cmTryCompileExec3290815891.LinkFileList

CompileC CMAKE_TRY_COMPILE.build/Debug/cmTryCompileExec3290815891.build/Objects-normal/x86_64/src.o src.cxx normal x86_64 c++ com.apple.compilers.llvm.clang.1_0.compiler
    cd /Users/gudbrand/Documents/C++/ICP_Project/build/CMakeFiles/CMakeTmp
    export LANG=en_US.US-ASCII
    /Applications/Xcode.app/Contents/Developer/Toolchains/XcodeDefault.xctoolchain/usr/bin/clang -x c++ -arch x86_64 -fmessage-length=0 -fdiagnostics-show-note-include-stack -fmacro-backtrace-limit=0 -Wno-trigraphs -fpascal-strings -O0 -Wno-missing-field-initializers -Wno-missing-prototypes -Wno-return-type -Wno-non-virtual-dtor -Wno-overloaded-virtual -Wno-exit-time-destructors -Wno-missing-braces -Wparentheses -Wswitch -Wno-unused-function -Wno-unused-label -Wno-unused-parameter -Wno-unused-variable -Wunused-value -Wno-empty-body -Wno-uninitialized -Wno-unknown-pragmas -Wno-shadow -Wno-four-char-constants -Wno-conversion -Wno-constant-conversion -Wno-int-conversion -Wno-bool-conversion -Wno-enum-conversion -Wno-shorten-64-to-32 -Wno-newline-eof -Wno-c++11-extensions -DCMAKE_INTDIR=\"Debug\" -isysroot /Applications/Xcode.app/Contents/Developer/Platforms/MacOSX.platform/Developer/SDKs/MacOSX10.11.sdk -fasm-blocks -fstrict-aliasing -Wdeprecated-declarations -Winvalid-offsetof -mmacosx-version-min=10.11 -Wno-sign-conversion -I/Users/gudbrand/Documents/C++/ICP_Project/build/CMakeFiles/CMakeTmp/Debug/include -I/Users/gudbrand/Documents/C++/ICP_Project/build/CMakeFiles/CMakeTmp/CMAKE_TRY_COMPILE.build/Debug/cmTryCompileExec3290815891.build/DerivedSources/x86_64 -I/Users/gudbrand/Documents/C++/ICP_Project/build/CMakeFiles/CMakeTmp/CMAKE_TRY_COMPILE.build/Debug/cmTryCompileExec3290815891.build/DerivedSources -Wmost -Wno-four-char-constants -Wno-unknown-pragmas -F/Users/gudbrand/Documents/C++/ICP_Project/build/CMakeFiles/CMakeTmp/Debug -std=c++11 -Wno-deprecated-declarations -std=c++11 -w -Wall -Wextra -DHAS_CPP11_FLAG -g -std=c++11 -MMD -MT dependencies -MF /Users/gudbrand/Documents/C++/ICP_Project/build/CMakeFiles/CMakeTmp/CMAKE_TRY_COMPILE.build/Debug/cmTryCompileExec3290815891.build/Objects-normal/x86_64/src.d --serialize-diagnostics /Users/gudbrand/Documents/C++/ICP_Project/build/CMakeFiles/CMakeTmp/CMAKE_TRY_COMPILE.build/Debug/cmTryCompileExec3290815891.build/Objects-normal/x86_64/src.dia -c /Users/gudbrand/Documents/C++/ICP_Project/build/CMakeFiles/CMakeTmp/src.cxx -o /Users/gudbrand/Documents/C++/ICP_Project/build/CMakeFiles/CMakeTmp/CMAKE_TRY_COMPILE.build/Debug/cmTryCompileExec3290815891.build/Objects-normal/x86_64/src.o

Ld Debug/cmTryCompileExec3290815891 normal x86_64
    cd /Users/gudbrand/Documents/C++/ICP_Project/build/CMakeFiles/CMakeTmp
    export MACOSX_DEPLOYMENT_TARGET=10.11
    /Applications/Xcode.app/Contents/Developer/Toolchains/XcodeDefault.xctoolchain/usr/bin/clang++ -arch x86_64 -isysroot /Applications/Xcode.app/Contents/Developer/Platforms/MacOSX.platform/Developer/SDKs/MacOSX10.11.sdk -L/Users/gudbrand/Documents/C++/ICP_Project/build/CMakeFiles/CMakeTmp/Debug -F/Users/gudbrand/Documents/C++/ICP_Project/build/CMakeFiles/CMakeTmp/Debug -filelist /Users/gudbrand/Documents/C++/ICP_Project/build/CMakeFiles/CMakeTmp/CMAKE_TRY_COMPILE.build/Debug/cmTryCompileExec3290815891.build/Objects-normal/x86_64/cmTryCompileExec3290815891.LinkFileList -mmacosx-version-min=10.11 -Xlinker -no_deduplicate -Wl,-search_paths_first -Wl,-headerpad_max_install_names -Xlinker -dependency_info -Xlinker /Users/gudbrand/Documents/C++/ICP_Project/build/CMakeFiles/CMakeTmp/CMAKE_TRY_COMPILE.build/Debug/cmTryCompileExec3290815891.build/Objects-normal/x86_64/cmTryCompileExec3290815891_dependency_info.dat -o /Users/gudbrand/Documents/C++/ICP_Project/build/CMakeFiles/CMakeTmp/Debug/cmTryCompileExec3290815891

** BUILD SUCCEEDED **


Source file was:
int main() { return 0; }
